<?xml version="1.0" encoding="UTF-8"?>
<!-- Generated by org.testng.reporters.JUnitReportReporter -->
<testsuite hostname="PANBANDA-T480" failures="0" tests="1" name="api.com.tests.apitestscript" time="2.531" errors="0" timestamp="2022-03-19T17:24:41 IST" skipped="0">
  <testcase classname="api.com.tests.apitestscript" name="validateStatusCodeGetUserwithqueryparam" time="2.531"/>
</testsuite> <!-- api.com.tests.apitestscript -->
